[2025-01-16 22:36:30] local.INFO: User authenticated: {"user":{"App\\Models\\User":{"id":1,"guid":"rmi30m","fullname":"Russell McInnes","admin":1,"created_at":"2025-01-16T22:31:28.000000Z","updated_at":"2025-01-16T22:31:28.000000Z"}}} 
[2025-01-16 22:36:30] local.INFO: User authenticated: {"user":{"App\\Models\\User":{"id":1,"guid":"rmi30m","fullname":"Russell McInnes","admin":1,"created_at":"2025-01-16T22:31:28.000000Z","updated_at":"2025-01-16T22:31:28.000000Z"}}} 
[2025-01-16 22:36:32] local.INFO: User authenticated: {"user":{"App\\Models\\User":{"id":1,"guid":"rmi30m","fullname":"Russell McInnes","admin":1,"created_at":"2025-01-16T22:31:28.000000Z","updated_at":"2025-01-16T22:31:28.000000Z"}}} 
[2025-01-16 22:36:32] local.INFO: User authenticated: {"user":{"App\\Models\\User":{"id":1,"guid":"rmi30m","fullname":"Russell McInnes","admin":1,"created_at":"2025-01-16T22:31:28.000000Z","updated_at":"2025-01-16T22:31:28.000000Z"}}} 
[2025-01-16 22:36:32] local.INFO: User authenticated: {"user":{"App\\Models\\User":{"id":1,"guid":"rmi30m","fullname":"Russell McInnes","admin":1,"created_at":"2025-01-16T22:31:28.000000Z","updated_at":"2025-01-16T22:31:28.000000Z"}}} 
[2025-01-16 22:36:32] local.INFO: User authenticated: {"user":{"App\\Models\\User":{"id":1,"guid":"rmi30m","fullname":"Russell McInnes","admin":1,"created_at":"2025-01-16T22:31:28.000000Z","updated_at":"2025-01-16T22:31:28.000000Z"}}} 
[2025-01-16 22:36:34] local.INFO: User authenticated: {"user":{"App\\Models\\User":{"id":1,"guid":"rmi30m","fullname":"Russell McInnes","admin":1,"created_at":"2025-01-16T22:31:28.000000Z","updated_at":"2025-01-16T22:31:28.000000Z"}}} 
[2025-01-16 22:36:34] local.INFO: User authenticated: {"user":{"App\\Models\\User":{"id":1,"guid":"rmi30m","fullname":"Russell McInnes","admin":1,"created_at":"2025-01-16T22:31:28.000000Z","updated_at":"2025-01-16T22:31:28.000000Z"}}} 
[2025-01-16 22:43:23] local.INFO: User authenticated: {"user":{"App\\Models\\User":{"id":1,"guid":"rmi30m","fullname":"Russell McInnes","admin":1,"created_at":"2025-01-16T22:31:28.000000Z","updated_at":"2025-01-16T22:31:28.000000Z"}}} 
[2025-01-16 22:43:23] local.INFO: User authenticated: {"user":{"App\\Models\\User":{"id":1,"guid":"rmi30m","fullname":"Russell McInnes","admin":1,"created_at":"2025-01-16T22:31:28.000000Z","updated_at":"2025-01-16T22:31:28.000000Z"}}} 
[2025-01-16 22:43:27] local.INFO: User authenticated: {"user":{"App\\Models\\User":{"id":1,"guid":"rmi30m","fullname":"Russell McInnes","admin":1,"created_at":"2025-01-16T22:31:28.000000Z","updated_at":"2025-01-16T22:31:28.000000Z"}}} 
[2025-01-16 22:43:27] local.INFO: User authenticated: {"user":{"App\\Models\\User":{"id":1,"guid":"rmi30m","fullname":"Russell McInnes","admin":1,"created_at":"2025-01-16T22:31:28.000000Z","updated_at":"2025-01-16T22:31:28.000000Z"}}} 
[2025-01-16 22:43:40] local.INFO: User authenticated: {"user":{"App\\Models\\User":{"id":1,"guid":"rmi30m","fullname":"Russell McInnes","admin":1,"created_at":"2025-01-16T22:31:28.000000Z","updated_at":"2025-01-16T22:31:28.000000Z"}}} 
[2025-01-16 22:43:40] local.INFO: User authenticated: {"user":{"App\\Models\\User":{"id":1,"guid":"rmi30m","fullname":"Russell McInnes","admin":1,"created_at":"2025-01-16T22:31:28.000000Z","updated_at":"2025-01-16T22:31:28.000000Z"}}} 
[2025-01-16 22:43:40] local.INFO: User authenticated: {"user":{"App\\Models\\User":{"id":1,"guid":"rmi30m","fullname":"Russell McInnes","admin":1,"created_at":"2025-01-16T22:31:28.000000Z","updated_at":"2025-01-16T22:31:28.000000Z"}}} 
[2025-01-16 22:43:40] local.INFO: User authenticated: {"user":{"App\\Models\\User":{"id":1,"guid":"rmi30m","fullname":"Russell McInnes","admin":1,"created_at":"2025-01-16T22:31:28.000000Z","updated_at":"2025-01-16T22:31:28.000000Z"}}} 
[2025-01-16 22:43:41] local.INFO: User authenticated: {"user":{"App\\Models\\User":{"id":1,"guid":"rmi30m","fullname":"Russell McInnes","admin":1,"created_at":"2025-01-16T22:31:28.000000Z","updated_at":"2025-01-16T22:31:28.000000Z"}}} 
[2025-01-16 22:43:41] local.INFO: User authenticated: {"user":{"App\\Models\\User":{"id":1,"guid":"rmi30m","fullname":"Russell McInnes","admin":1,"created_at":"2025-01-16T22:31:28.000000Z","updated_at":"2025-01-16T22:31:28.000000Z"}}} 
[2025-01-16 22:43:43] local.INFO: User authenticated: {"user":{"App\\Models\\User":{"id":1,"guid":"rmi30m","fullname":"Russell McInnes","admin":1,"created_at":"2025-01-16T22:31:28.000000Z","updated_at":"2025-01-16T22:31:28.000000Z"}}} 
[2025-01-16 22:43:43] local.INFO: User authenticated: {"user":{"App\\Models\\User":{"id":1,"guid":"rmi30m","fullname":"Russell McInnes","admin":1,"created_at":"2025-01-16T22:31:28.000000Z","updated_at":"2025-01-16T22:31:28.000000Z"}}} 
[2025-01-16 22:43:44] local.INFO: User authenticated: {"user":{"App\\Models\\User":{"id":1,"guid":"rmi30m","fullname":"Russell McInnes","admin":1,"created_at":"2025-01-16T22:31:28.000000Z","updated_at":"2025-01-16T22:31:28.000000Z"}}} 
[2025-01-16 22:43:44] local.INFO: User authenticated: {"user":{"App\\Models\\User":{"id":1,"guid":"rmi30m","fullname":"Russell McInnes","admin":1,"created_at":"2025-01-16T22:31:28.000000Z","updated_at":"2025-01-16T22:31:28.000000Z"}}} 
[2025-01-16 22:43:57] local.INFO: User authenticated: {"user":{"App\\Models\\User":{"id":1,"guid":"rmi30m","fullname":"Russell McInnes","admin":1,"created_at":"2025-01-16T22:31:28.000000Z","updated_at":"2025-01-16T22:31:28.000000Z"}}} 
[2025-01-16 22:43:57] local.INFO: User authenticated: {"user":{"App\\Models\\User":{"id":1,"guid":"rmi30m","fullname":"Russell McInnes","admin":1,"created_at":"2025-01-16T22:31:28.000000Z","updated_at":"2025-01-16T22:31:28.000000Z"}}} 
[2025-01-16 22:43:58] local.INFO: User authenticated: {"user":{"App\\Models\\User":{"id":1,"guid":"rmi30m","fullname":"Russell McInnes","admin":1,"created_at":"2025-01-16T22:31:28.000000Z","updated_at":"2025-01-16T22:31:28.000000Z"}}} 
[2025-01-16 22:43:58] local.INFO: User authenticated: {"user":{"App\\Models\\User":{"id":1,"guid":"rmi30m","fullname":"Russell McInnes","admin":1,"created_at":"2025-01-16T22:31:28.000000Z","updated_at":"2025-01-16T22:31:28.000000Z"}}} 
[2025-01-16 22:43:59] local.INFO: User authenticated: {"user":{"App\\Models\\User":{"id":1,"guid":"rmi30m","fullname":"Russell McInnes","admin":1,"created_at":"2025-01-16T22:31:28.000000Z","updated_at":"2025-01-16T22:31:28.000000Z"}}} 
[2025-01-16 22:43:59] local.INFO: User authenticated: {"user":{"App\\Models\\User":{"id":1,"guid":"rmi30m","fullname":"Russell McInnes","admin":1,"created_at":"2025-01-16T22:31:28.000000Z","updated_at":"2025-01-16T22:31:28.000000Z"}}} 
[2025-01-16 22:44:03] local.INFO: User authenticated: {"user":{"App\\Models\\User":{"id":1,"guid":"rmi30m","fullname":"Russell McInnes","admin":1,"created_at":"2025-01-16T22:31:28.000000Z","updated_at":"2025-01-16T22:31:28.000000Z"}}} 
[2025-01-16 22:44:03] local.INFO: User authenticated: {"user":{"App\\Models\\User":{"id":1,"guid":"rmi30m","fullname":"Russell McInnes","admin":1,"created_at":"2025-01-16T22:31:28.000000Z","updated_at":"2025-01-16T22:31:28.000000Z"}}} 
[2025-01-16 22:44:03] local.INFO: User authenticated: {"user":{"App\\Models\\User":{"id":1,"guid":"rmi30m","fullname":"Russell McInnes","admin":1,"created_at":"2025-01-16T22:31:28.000000Z","updated_at":"2025-01-16T22:31:28.000000Z"}}} 
[2025-01-16 22:44:03] local.INFO: User authenticated: {"user":{"App\\Models\\User":{"id":1,"guid":"rmi30m","fullname":"Russell McInnes","admin":1,"created_at":"2025-01-16T22:31:28.000000Z","updated_at":"2025-01-16T22:31:28.000000Z"}}} 
[2025-01-16 22:44:03] local.INFO: User authenticated: {"user":{"App\\Models\\User":{"id":1,"guid":"rmi30m","fullname":"Russell McInnes","admin":1,"created_at":"2025-01-16T22:31:28.000000Z","updated_at":"2025-01-16T22:31:28.000000Z"}}} 
[2025-01-16 22:44:03] local.INFO: User authenticated: {"user":{"App\\Models\\User":{"id":1,"guid":"rmi30m","fullname":"Russell McInnes","admin":1,"created_at":"2025-01-16T22:31:28.000000Z","updated_at":"2025-01-16T22:31:28.000000Z"}}} 
[2025-01-16 22:44:09] local.INFO: User authenticated: {"user":{"App\\Models\\User":{"id":1,"guid":"rmi30m","fullname":"Russell McInnes","admin":1,"created_at":"2025-01-16T22:31:28.000000Z","updated_at":"2025-01-16T22:31:28.000000Z"}}} 
[2025-01-16 22:44:09] local.INFO: User authenticated: {"user":{"App\\Models\\User":{"id":1,"guid":"rmi30m","fullname":"Russell McInnes","admin":1,"created_at":"2025-01-16T22:31:28.000000Z","updated_at":"2025-01-16T22:31:28.000000Z"}}} 
[2025-01-16 22:44:09] local.INFO: User authenticated: {"user":{"App\\Models\\User":{"id":1,"guid":"rmi30m","fullname":"Russell McInnes","admin":1,"created_at":"2025-01-16T22:31:28.000000Z","updated_at":"2025-01-16T22:31:28.000000Z"}}} 
[2025-01-16 22:44:09] local.INFO: User authenticated: {"user":{"App\\Models\\User":{"id":1,"guid":"rmi30m","fullname":"Russell McInnes","admin":1,"created_at":"2025-01-16T22:31:28.000000Z","updated_at":"2025-01-16T22:31:28.000000Z"}}} 
[2025-01-16 22:44:10] local.INFO: User authenticated: {"user":{"App\\Models\\User":{"id":1,"guid":"rmi30m","fullname":"Russell McInnes","admin":1,"created_at":"2025-01-16T22:31:28.000000Z","updated_at":"2025-01-16T22:31:28.000000Z"}}} 
[2025-01-16 22:44:10] local.INFO: User authenticated: {"user":{"App\\Models\\User":{"id":1,"guid":"rmi30m","fullname":"Russell McInnes","admin":1,"created_at":"2025-01-16T22:31:28.000000Z","updated_at":"2025-01-16T22:31:28.000000Z"}}} 
[2025-01-16 22:44:14] local.INFO: User authenticated: {"user":{"App\\Models\\User":{"id":1,"guid":"rmi30m","fullname":"Russell McInnes","admin":1,"created_at":"2025-01-16T22:31:28.000000Z","updated_at":"2025-01-16T22:31:28.000000Z"}}} 
[2025-01-16 22:44:14] local.INFO: User authenticated: {"user":{"App\\Models\\User":{"id":1,"guid":"rmi30m","fullname":"Russell McInnes","admin":1,"created_at":"2025-01-16T22:31:28.000000Z","updated_at":"2025-01-16T22:31:28.000000Z"}}} 
[2025-01-16 22:44:14] local.INFO: User authenticated: {"user":{"App\\Models\\User":{"id":1,"guid":"rmi30m","fullname":"Russell McInnes","admin":1,"created_at":"2025-01-16T22:31:28.000000Z","updated_at":"2025-01-16T22:31:28.000000Z"}}} 
[2025-01-16 22:44:14] local.INFO: User authenticated: {"user":{"App\\Models\\User":{"id":1,"guid":"rmi30m","fullname":"Russell McInnes","admin":1,"created_at":"2025-01-16T22:31:28.000000Z","updated_at":"2025-01-16T22:31:28.000000Z"}}} 
[2025-01-16 22:44:15] local.INFO: User authenticated: {"user":{"App\\Models\\User":{"id":1,"guid":"rmi30m","fullname":"Russell McInnes","admin":1,"created_at":"2025-01-16T22:31:28.000000Z","updated_at":"2025-01-16T22:31:28.000000Z"}}} 
[2025-01-16 22:44:15] local.INFO: User authenticated: {"user":{"App\\Models\\User":{"id":1,"guid":"rmi30m","fullname":"Russell McInnes","admin":1,"created_at":"2025-01-16T22:31:28.000000Z","updated_at":"2025-01-16T22:31:28.000000Z"}}} 
[2025-01-16 22:44:22] local.INFO: User authenticated: {"user":{"App\\Models\\User":{"id":1,"guid":"rmi30m","fullname":"Russell McInnes","admin":1,"created_at":"2025-01-16T22:31:28.000000Z","updated_at":"2025-01-16T22:31:28.000000Z"}}} 
[2025-01-16 22:44:22] local.INFO: User authenticated: {"user":{"App\\Models\\User":{"id":1,"guid":"rmi30m","fullname":"Russell McInnes","admin":1,"created_at":"2025-01-16T22:31:28.000000Z","updated_at":"2025-01-16T22:31:28.000000Z"}}} 
[2025-01-16 22:44:22] local.INFO: User authenticated: {"user":{"App\\Models\\User":{"id":1,"guid":"rmi30m","fullname":"Russell McInnes","admin":1,"created_at":"2025-01-16T22:31:28.000000Z","updated_at":"2025-01-16T22:31:28.000000Z"}}} 
[2025-01-16 22:44:22] local.INFO: User authenticated: {"user":{"App\\Models\\User":{"id":1,"guid":"rmi30m","fullname":"Russell McInnes","admin":1,"created_at":"2025-01-16T22:31:28.000000Z","updated_at":"2025-01-16T22:31:28.000000Z"}}} 
[2025-01-16 22:44:24] local.INFO: User authenticated: {"user":{"App\\Models\\User":{"id":1,"guid":"rmi30m","fullname":"Russell McInnes","admin":1,"created_at":"2025-01-16T22:31:28.000000Z","updated_at":"2025-01-16T22:31:28.000000Z"}}} 
[2025-01-16 22:44:24] local.INFO: User authenticated: {"user":{"App\\Models\\User":{"id":1,"guid":"rmi30m","fullname":"Russell McInnes","admin":1,"created_at":"2025-01-16T22:31:28.000000Z","updated_at":"2025-01-16T22:31:28.000000Z"}}} 
[2025-01-16 22:44:30] local.INFO: User authenticated: {"user":{"App\\Models\\User":{"id":1,"guid":"rmi30m","fullname":"Russell McInnes","admin":1,"created_at":"2025-01-16T22:31:28.000000Z","updated_at":"2025-01-16T22:31:28.000000Z"}}} 
[2025-01-16 22:44:30] local.INFO: User authenticated: {"user":{"App\\Models\\User":{"id":1,"guid":"rmi30m","fullname":"Russell McInnes","admin":1,"created_at":"2025-01-16T22:31:28.000000Z","updated_at":"2025-01-16T22:31:28.000000Z"}}} 
[2025-01-16 22:44:30] local.INFO: User authenticated: {"user":{"App\\Models\\User":{"id":1,"guid":"rmi30m","fullname":"Russell McInnes","admin":1,"created_at":"2025-01-16T22:31:28.000000Z","updated_at":"2025-01-16T22:31:28.000000Z"}}} 
[2025-01-16 22:44:30] local.INFO: User authenticated: {"user":{"App\\Models\\User":{"id":1,"guid":"rmi30m","fullname":"Russell McInnes","admin":1,"created_at":"2025-01-16T22:31:28.000000Z","updated_at":"2025-01-16T22:31:28.000000Z"}}} 
[2025-01-16 22:44:32] local.INFO: User authenticated: {"user":{"App\\Models\\User":{"id":1,"guid":"rmi30m","fullname":"Russell McInnes","admin":1,"created_at":"2025-01-16T22:31:28.000000Z","updated_at":"2025-01-16T22:31:28.000000Z"}}} 
[2025-01-16 22:44:32] local.INFO: User authenticated: {"user":{"App\\Models\\User":{"id":1,"guid":"rmi30m","fullname":"Russell McInnes","admin":1,"created_at":"2025-01-16T22:31:28.000000Z","updated_at":"2025-01-16T22:31:28.000000Z"}}} 
[2025-01-16 22:44:45] local.INFO: User authenticated: {"user":{"App\\Models\\User":{"id":1,"guid":"rmi30m","fullname":"Russell McInnes","admin":1,"created_at":"2025-01-16T22:31:28.000000Z","updated_at":"2025-01-16T22:31:28.000000Z"}}} 
[2025-01-16 22:44:45] local.INFO: User authenticated: {"user":{"App\\Models\\User":{"id":1,"guid":"rmi30m","fullname":"Russell McInnes","admin":1,"created_at":"2025-01-16T22:31:28.000000Z","updated_at":"2025-01-16T22:31:28.000000Z"}}} 
[2025-01-16 22:44:45] local.INFO: User authenticated: {"user":{"App\\Models\\User":{"id":1,"guid":"rmi30m","fullname":"Russell McInnes","admin":1,"created_at":"2025-01-16T22:31:28.000000Z","updated_at":"2025-01-16T22:31:28.000000Z"}}} 
[2025-01-16 22:44:45] local.INFO: User authenticated: {"user":{"App\\Models\\User":{"id":1,"guid":"rmi30m","fullname":"Russell McInnes","admin":1,"created_at":"2025-01-16T22:31:28.000000Z","updated_at":"2025-01-16T22:31:28.000000Z"}}} 
[2025-01-16 22:44:46] local.INFO: User authenticated: {"user":{"App\\Models\\User":{"id":1,"guid":"rmi30m","fullname":"Russell McInnes","admin":1,"created_at":"2025-01-16T22:31:28.000000Z","updated_at":"2025-01-16T22:31:28.000000Z"}}} 
[2025-01-16 22:44:46] local.INFO: User authenticated: {"user":{"App\\Models\\User":{"id":1,"guid":"rmi30m","fullname":"Russell McInnes","admin":1,"created_at":"2025-01-16T22:31:28.000000Z","updated_at":"2025-01-16T22:31:28.000000Z"}}} 
[2025-01-16 22:45:00] local.INFO: User authenticated: {"user":{"App\\Models\\User":{"id":1,"guid":"rmi30m","fullname":"Russell McInnes","admin":1,"created_at":"2025-01-16T22:31:28.000000Z","updated_at":"2025-01-16T22:31:28.000000Z"}}} 
[2025-01-16 22:45:00] local.INFO: User authenticated: {"user":{"App\\Models\\User":{"id":1,"guid":"rmi30m","fullname":"Russell McInnes","admin":1,"created_at":"2025-01-16T22:31:28.000000Z","updated_at":"2025-01-16T22:31:28.000000Z"}}} 
[2025-01-16 22:45:00] local.INFO: User authenticated: {"user":{"App\\Models\\User":{"id":1,"guid":"rmi30m","fullname":"Russell McInnes","admin":1,"created_at":"2025-01-16T22:31:28.000000Z","updated_at":"2025-01-16T22:31:28.000000Z"}}} 
[2025-01-16 22:45:00] local.INFO: User authenticated: {"user":{"App\\Models\\User":{"id":1,"guid":"rmi30m","fullname":"Russell McInnes","admin":1,"created_at":"2025-01-16T22:31:28.000000Z","updated_at":"2025-01-16T22:31:28.000000Z"}}} 
[2025-01-16 22:45:01] local.INFO: User authenticated: {"user":{"App\\Models\\User":{"id":1,"guid":"rmi30m","fullname":"Russell McInnes","admin":1,"created_at":"2025-01-16T22:31:28.000000Z","updated_at":"2025-01-16T22:31:28.000000Z"}}} 
[2025-01-16 22:45:01] local.INFO: User authenticated: {"user":{"App\\Models\\User":{"id":1,"guid":"rmi30m","fullname":"Russell McInnes","admin":1,"created_at":"2025-01-16T22:31:28.000000Z","updated_at":"2025-01-16T22:31:28.000000Z"}}} 
[2025-01-16 22:45:15] local.INFO: User authenticated: {"user":{"App\\Models\\User":{"id":1,"guid":"rmi30m","fullname":"Russell McInnes","admin":1,"created_at":"2025-01-16T22:31:28.000000Z","updated_at":"2025-01-16T22:31:28.000000Z"}}} 
[2025-01-16 22:45:15] local.INFO: User authenticated: {"user":{"App\\Models\\User":{"id":1,"guid":"rmi30m","fullname":"Russell McInnes","admin":1,"created_at":"2025-01-16T22:31:28.000000Z","updated_at":"2025-01-16T22:31:28.000000Z"}}} 
[2025-01-16 22:45:16] local.INFO: User authenticated: {"user":{"App\\Models\\User":{"id":1,"guid":"rmi30m","fullname":"Russell McInnes","admin":1,"created_at":"2025-01-16T22:31:28.000000Z","updated_at":"2025-01-16T22:31:28.000000Z"}}} 
[2025-01-16 22:45:16] local.INFO: User authenticated: {"user":{"App\\Models\\User":{"id":1,"guid":"rmi30m","fullname":"Russell McInnes","admin":1,"created_at":"2025-01-16T22:31:28.000000Z","updated_at":"2025-01-16T22:31:28.000000Z"}}} 
[2025-01-16 22:45:17] local.INFO: User authenticated: {"user":{"App\\Models\\User":{"id":1,"guid":"rmi30m","fullname":"Russell McInnes","admin":1,"created_at":"2025-01-16T22:31:28.000000Z","updated_at":"2025-01-16T22:31:28.000000Z"}}} 
[2025-01-16 22:45:17] local.INFO: User authenticated: {"user":{"App\\Models\\User":{"id":1,"guid":"rmi30m","fullname":"Russell McInnes","admin":1,"created_at":"2025-01-16T22:31:28.000000Z","updated_at":"2025-01-16T22:31:28.000000Z"}}} 
[2025-01-16 22:45:26] local.INFO: User authenticated: {"user":{"App\\Models\\User":{"id":1,"guid":"rmi30m","fullname":"Russell McInnes","admin":1,"created_at":"2025-01-16T22:31:28.000000Z","updated_at":"2025-01-16T22:31:28.000000Z"}}} 
[2025-01-16 22:45:26] local.INFO: User authenticated: {"user":{"App\\Models\\User":{"id":1,"guid":"rmi30m","fullname":"Russell McInnes","admin":1,"created_at":"2025-01-16T22:31:28.000000Z","updated_at":"2025-01-16T22:31:28.000000Z"}}} 
[2025-01-16 22:55:47] local.INFO: User authenticated: {"user":{"App\\Models\\User":{"id":1,"guid":"rmi30m","fullname":"Russell McInnes","admin":1,"created_at":"2025-01-16T22:31:28.000000Z","updated_at":"2025-01-16T22:31:28.000000Z"}}} 
[2025-01-16 22:55:47] local.INFO: User authenticated: {"user":{"App\\Models\\User":{"id":1,"guid":"rmi30m","fullname":"Russell McInnes","admin":1,"created_at":"2025-01-16T22:31:28.000000Z","updated_at":"2025-01-16T22:31:28.000000Z"}}} 
[2025-01-16 22:58:07] local.INFO: User authenticated: {"user":{"App\\Models\\User":{"id":1,"guid":"rmi30m","fullname":"Russell McInnes","admin":1,"created_at":"2025-01-16T22:31:28.000000Z","updated_at":"2025-01-16T22:31:28.000000Z"}}} 
[2025-01-16 22:58:07] local.INFO: User authenticated: {"user":{"App\\Models\\User":{"id":1,"guid":"rmi30m","fullname":"Russell McInnes","admin":1,"created_at":"2025-01-16T22:31:28.000000Z","updated_at":"2025-01-16T22:31:28.000000Z"}}} 
[2025-01-16 22:58:10] local.INFO: User authenticated: {"user":{"App\\Models\\User":{"id":1,"guid":"rmi30m","fullname":"Russell McInnes","admin":1,"created_at":"2025-01-16T22:31:28.000000Z","updated_at":"2025-01-16T22:31:28.000000Z"}}} 
[2025-01-16 22:58:10] local.INFO: User authenticated: {"user":{"App\\Models\\User":{"id":1,"guid":"rmi30m","fullname":"Russell McInnes","admin":1,"created_at":"2025-01-16T22:31:28.000000Z","updated_at":"2025-01-16T22:31:28.000000Z"}}} 
[2025-01-16 22:58:11] local.INFO: User authenticated: {"user":{"App\\Models\\User":{"id":1,"guid":"rmi30m","fullname":"Russell McInnes","admin":1,"created_at":"2025-01-16T22:31:28.000000Z","updated_at":"2025-01-16T22:31:28.000000Z"}}} 
[2025-01-16 22:58:11] local.INFO: User authenticated: {"user":{"App\\Models\\User":{"id":1,"guid":"rmi30m","fullname":"Russell McInnes","admin":1,"created_at":"2025-01-16T22:31:28.000000Z","updated_at":"2025-01-16T22:31:28.000000Z"}}} 
[2025-01-16 22:58:14] local.INFO: User authenticated: {"user":{"App\\Models\\User":{"id":1,"guid":"rmi30m","fullname":"Russell McInnes","admin":1,"created_at":"2025-01-16T22:31:28.000000Z","updated_at":"2025-01-16T22:31:28.000000Z"}}} 
[2025-01-16 22:58:14] local.INFO: User authenticated: {"user":{"App\\Models\\User":{"id":1,"guid":"rmi30m","fullname":"Russell McInnes","admin":1,"created_at":"2025-01-16T22:31:28.000000Z","updated_at":"2025-01-16T22:31:28.000000Z"}}} 
[2025-01-16 22:58:16] local.INFO: User authenticated: {"user":{"App\\Models\\User":{"id":1,"guid":"rmi30m","fullname":"Russell McInnes","admin":1,"created_at":"2025-01-16T22:31:28.000000Z","updated_at":"2025-01-16T22:31:28.000000Z"}}} 
[2025-01-16 22:58:16] local.INFO: User authenticated: {"user":{"App\\Models\\User":{"id":1,"guid":"rmi30m","fullname":"Russell McInnes","admin":1,"created_at":"2025-01-16T22:31:28.000000Z","updated_at":"2025-01-16T22:31:28.000000Z"}}} 
[2025-01-16 22:58:18] local.INFO: User authenticated: {"user":{"App\\Models\\User":{"id":1,"guid":"rmi30m","fullname":"Russell McInnes","admin":1,"created_at":"2025-01-16T22:31:28.000000Z","updated_at":"2025-01-16T22:31:28.000000Z"}}} 
[2025-01-16 22:58:18] local.INFO: User authenticated: {"user":{"App\\Models\\User":{"id":1,"guid":"rmi30m","fullname":"Russell McInnes","admin":1,"created_at":"2025-01-16T22:31:28.000000Z","updated_at":"2025-01-16T22:31:28.000000Z"}}} 
[2025-01-16 22:58:20] local.INFO: User authenticated: {"user":{"App\\Models\\User":{"id":1,"guid":"rmi30m","fullname":"Russell McInnes","admin":1,"created_at":"2025-01-16T22:31:28.000000Z","updated_at":"2025-01-16T22:31:28.000000Z"}}} 
[2025-01-16 22:58:20] local.INFO: User authenticated: {"user":{"App\\Models\\User":{"id":1,"guid":"rmi30m","fullname":"Russell McInnes","admin":1,"created_at":"2025-01-16T22:31:28.000000Z","updated_at":"2025-01-16T22:31:28.000000Z"}}} 
[2025-01-16 22:58:22] local.INFO: User authenticated: {"user":{"App\\Models\\User":{"id":1,"guid":"rmi30m","fullname":"Russell McInnes","admin":1,"created_at":"2025-01-16T22:31:28.000000Z","updated_at":"2025-01-16T22:31:28.000000Z"}}} 
[2025-01-16 22:58:22] local.INFO: User authenticated: {"user":{"App\\Models\\User":{"id":1,"guid":"rmi30m","fullname":"Russell McInnes","admin":1,"created_at":"2025-01-16T22:31:28.000000Z","updated_at":"2025-01-16T22:31:28.000000Z"}}} 
[2025-01-16 22:59:22] local.INFO: User authenticated: {"user":{"App\\Models\\User":{"id":1,"guid":"rmi30m","fullname":"Russell McInnes","admin":1,"created_at":"2025-01-16T22:31:28.000000Z","updated_at":"2025-01-16T22:31:28.000000Z"}}} 
[2025-01-16 22:59:22] local.INFO: User authenticated: {"user":{"App\\Models\\User":{"id":1,"guid":"rmi30m","fullname":"Russell McInnes","admin":1,"created_at":"2025-01-16T22:31:28.000000Z","updated_at":"2025-01-16T22:31:28.000000Z"}}} 
[2025-01-17 10:03:40] local.INFO: User authenticated: {"user":{"App\\Models\\User":{"id":1,"guid":"rmi30m","fullname":"Russell McInnes","admin":1,"created_at":"2025-01-16T22:31:28.000000Z","updated_at":"2025-01-16T22:31:28.000000Z"}}} 
[2025-01-17 10:03:40] local.INFO: User authenticated: {"user":{"App\\Models\\User":{"id":1,"guid":"rmi30m","fullname":"Russell McInnes","admin":1,"created_at":"2025-01-16T22:31:28.000000Z","updated_at":"2025-01-16T22:31:28.000000Z"}}} 
[2025-01-17 10:07:39] local.INFO: User authenticated: {"user":{"App\\Models\\User":{"id":1,"guid":"rmi30m","fullname":"Russell McInnes","admin":1,"created_at":"2025-01-16T22:31:28.000000Z","updated_at":"2025-01-16T22:31:28.000000Z"}}} 
[2025-01-17 10:07:39] local.INFO: User authenticated: {"user":{"App\\Models\\User":{"id":1,"guid":"rmi30m","fullname":"Russell McInnes","admin":1,"created_at":"2025-01-16T22:31:28.000000Z","updated_at":"2025-01-16T22:31:28.000000Z"}}} 
[2025-01-17 10:09:26] local.ERROR: 'continue' not in the 'loop' or 'switch' context {"exception":"[object] (Symfony\\Component\\ErrorHandler\\Error\\FatalError(code: 0): 'continue' not in the 'loop' or 'switch' context at /app/app/Console/Commands/FetchTechNews.php:16)
[stacktrace]
#0 {main}
"} 
[2025-01-17 10:09:32] local.ERROR: 'continue' not in the 'loop' or 'switch' context {"exception":"[object] (Symfony\\Component\\ErrorHandler\\Error\\FatalError(code: 0): 'continue' not in the 'loop' or 'switch' context at /app/app/Console/Commands/FetchTechNews.php:16)
[stacktrace]
#0 {main}
"} 
[2025-01-17 10:11:12] local.INFO: User authenticated: {"user":{"App\\Models\\User":{"id":1,"guid":"rmi30m","fullname":"Russell McInnes","admin":1,"created_at":"2025-01-17T10:11:12.000000Z","updated_at":"2025-01-17T10:11:12.000000Z"}}} 
[2025-01-17 10:11:12] local.INFO: User authenticated: {"user":{"App\\Models\\User":{"id":1,"guid":"rmi30m","fullname":"Russell McInnes","admin":1,"created_at":"2025-01-17T10:11:12.000000Z","updated_at":"2025-01-17T10:11:12.000000Z"}}} 
[2025-01-17 10:11:12] local.INFO: User authenticated: {"user":{"App\\Models\\User":{"id":1,"guid":"rmi30m","fullname":"Russell McInnes","admin":1,"created_at":"2025-01-17T10:11:12.000000Z","updated_at":"2025-01-17T10:11:12.000000Z"}}} 
[2025-01-17 10:11:12] local.INFO: User authenticated: {"user":{"App\\Models\\User":{"id":1,"guid":"rmi30m","fullname":"Russell McInnes","admin":1,"created_at":"2025-01-17T10:11:12.000000Z","updated_at":"2025-01-17T10:11:12.000000Z"}}} 
[2025-01-17 10:11:12] local.INFO: User authenticated: {"user":{"App\\Models\\User":{"id":1,"guid":"rmi30m","fullname":"Russell McInnes","admin":1,"created_at":"2025-01-17T10:11:12.000000Z","updated_at":"2025-01-17T10:11:12.000000Z"}}} 
[2025-01-17 10:11:12] local.INFO: User authenticated: {"user":{"App\\Models\\User":{"id":1,"guid":"rmi30m","fullname":"Russell McInnes","admin":1,"created_at":"2025-01-17T10:11:12.000000Z","updated_at":"2025-01-17T10:11:12.000000Z"}}} 
[2025-01-17 10:11:12] local.INFO: User authenticated: {"user":{"App\\Models\\User":{"id":1,"guid":"rmi30m","fullname":"Russell McInnes","admin":1,"created_at":"2025-01-17T10:11:12.000000Z","updated_at":"2025-01-17T10:11:12.000000Z"}}} 
[2025-01-17 10:11:12] local.INFO: User authenticated: {"user":{"App\\Models\\User":{"id":1,"guid":"rmi30m","fullname":"Russell McInnes","admin":1,"created_at":"2025-01-17T10:11:12.000000Z","updated_at":"2025-01-17T10:11:12.000000Z"}}} 
[2025-01-17 10:14:27] local.ERROR: syntax error, unexpected token "class" {"exception":"[object] (ParseError(code: 0): syntax error, unexpected token \"class\" at /app/app/Console/Commands/FetchTechNews.php:10)
[stacktrace]
#0 /app/vendor/composer/ClassLoader.php(427): Composer\\Autoload\\{closure}('/app/vendor/com...')
#1 [internal function]: Composer\\Autoload\\ClassLoader->loadClass('App\\\\Console\\\\Com...')
#2 /app/vendor/laravel/framework/src/Illuminate/Foundation/Console/Kernel.php(372): is_subclass_of('App\\\\Console\\\\Com...', 'Illuminate\\\\Cons...')
#3 /app/vendor/laravel/framework/src/Illuminate/Foundation/Console/Kernel.php(497): Illuminate\\Foundation\\Console\\Kernel->load(Array)
#4 /app/vendor/laravel/framework/src/Illuminate/Foundation/Console/Kernel.php(482): Illuminate\\Foundation\\Console\\Kernel->discoverCommands()
#5 /app/vendor/laravel/framework/src/Illuminate/Foundation/Console/Kernel.php(195): Illuminate\\Foundation\\Console\\Kernel->bootstrap()
#6 /app/vendor/laravel/framework/src/Illuminate/Foundation/Application.php(1203): Illuminate\\Foundation\\Console\\Kernel->handle(Object(Symfony\\Component\\Console\\Input\\ArgvInput), Object(Symfony\\Component\\Console\\Output\\ConsoleOutput))
#7 /app/artisan(13): Illuminate\\Foundation\\Application->handleCommand(Object(Symfony\\Component\\Console\\Input\\ArgvInput))
#8 {main}
"} 
[2025-01-17 10:49:31] local.INFO: User authenticated: {"user":{"App\\Models\\User":{"id":1,"guid":"rmi30m","fullname":"Russell McInnes","admin":1,"created_at":"2025-01-17T10:11:12.000000Z","updated_at":"2025-01-17T10:11:12.000000Z"}}} 
[2025-01-17 10:49:31] local.INFO: User authenticated: {"user":{"App\\Models\\User":{"id":1,"guid":"rmi30m","fullname":"Russell McInnes","admin":1,"created_at":"2025-01-17T10:11:12.000000Z","updated_at":"2025-01-17T10:11:12.000000Z"}}} 
